This file contains any messages produced by compilers while
running configure, to aid debugging if configure makes a mistake.

It was created by httrack configure 3.49.4, which was
generated by GNU Autoconf 2.69.  Invocation command line was

  $ ./configure CC=cc -Ae -D_XOPEN_SOURCE=500

## --------- ##
## Platform. ##
## --------- ##

hostname = kali
uname -m = x86_64
uname -r = 6.0.0-kali6-amd64
uname -s = Linux
uname -v = #1 SMP PREEMPT_DYNAMIC Debian 6.0.12-1kali1 (2022-12-19)

/usr/bin/uname -p = unknown
/bin/uname -X     = unknown

/bin/arch              = x86_64
/usr/bin/arch -k       = unknown
/usr/convex/getsysinfo = unknown
/usr/bin/hostinfo      = unknown
/bin/machine           = unknown
/usr/bin/oslevel       = unknown
/bin/universe          = unknown

PATH: /home/patrick/Downloads/google-cloud-sdk/bin
PATH: /home/patrick/.serverless/bin
PATH: /home/patrick/.local/bin
PATH: /usr/local/sbin
PATH: /usr/sbin
PATH: /sbin
PATH: /usr/local/bin
PATH: /usr/bin
PATH: /bin
PATH: /usr/local/games
PATH: /usr/games
PATH: /snap/bin
PATH: /home/patrick/.dotnet/tools
PATH: /home/patrick/.local/share/JetBrains/Toolbox/scripts


## ----------- ##
## Core tests. ##
## ----------- ##

configure:2603: checking for a BSD-compatible install
configure:2671: result: /usr/bin/install -c
configure:2682: checking whether build environment is sane
configure:2737: result: yes
configure:2770: WARNING: 'missing' script is too old or missing
configure:2883: checking for a thread-safe mkdir -p
configure:2922: result: /usr/bin/mkdir -p
configure:2929: checking for gawk
configure:2945: found /usr/bin/gawk
configure:2956: result: gawk
configure:2967: checking whether make sets $(MAKE)
configure:2989: result: yes
configure:3018: checking whether make supports nested variables
configure:3035: result: yes
configure:3163: checking whether to enable maintainer-specific portions of Makefiles
configure:3172: result: no
configure:3189: checking whether make supports the include directive
configure:3204: make -f confmf.GNU && cat confinc.out
this is the am__doit target
configure:3207: $? = 0
configure:3226: result: yes (GNU style)
configure:3296: checking for gcc
configure:3323: result: cc -Ae -D_XOPEN_SOURCE=500
configure:3552: checking for C compiler version
configure:3561: cc -Ae -D_XOPEN_SOURCE=500 --version >&5
cc (Debian 12.2.0-13) 12.2.0
Copyright (C) 2022 Free Software Foundation, Inc.
This is free software; see the source for copying conditions.  There is NO
warranty; not even for MERCHANTABILITY or FITNESS FOR A PARTICULAR PURPOSE.

configure:3572: $? = 0
configure:3561: cc -Ae -D_XOPEN_SOURCE=500 -v >&5
Using built-in specs.
COLLECT_GCC=cc
COLLECT_LTO_WRAPPER=/usr/lib/gcc/x86_64-linux-gnu/12/lto-wrapper
OFFLOAD_TARGET_NAMES=nvptx-none:amdgcn-amdhsa
OFFLOAD_TARGET_DEFAULT=1
Target: x86_64-linux-gnu
Configured with: ../src/configure -v --with-pkgversion='Debian 12.2.0-13' --with-bugurl=file:///usr/share/doc/gcc-12/README.Bugs --enable-languages=c,ada,c++,go,d,fortran,objc,obj-c++,m2 --prefix=/usr --with-gcc-major-version-only --program-suffix=-12 --program-prefix=x86_64-linux-gnu- --enable-shared --enable-linker-build-id --libexecdir=/usr/lib --without-included-gettext --enable-threads=posix --libdir=/usr/lib --enable-nls --enable-clocale=gnu --enable-libstdcxx-debug --enable-libstdcxx-time=yes --with-default-libstdcxx-abi=new --enable-gnu-unique-object --disable-vtable-verify --enable-plugin --enable-default-pie --with-system-zlib --enable-libphobos-checking=release --with-target-system-zlib=auto --enable-objc-gc=auto --enable-multiarch --disable-werror --enable-cet --with-arch-32=i686 --with-abi=m64 --with-multilib-list=m32,m64,mx32 --enable-multilib --with-tune=generic --enable-offload-targets=nvptx-none=/build/gcc-12-PBog5r/gcc-12-12.2.0/debian/tmp-nvptx/usr,amdgcn-amdhsa=/build/gcc-12-PBog5r/gcc-12-12.2.0/debian/tmp-gcn/usr --enable-offload-defaulted --without-cuda-driver --enable-checking=release --build=x86_64-linux-gnu --host=x86_64-linux-gnu --target=x86_64-linux-gnu
Thread model: posix
Supported LTO compression algorithms: zlib zstd
gcc version 12.2.0 (Debian 12.2.0-13) 
... rest of stderr output deleted ...
configure:3572: $? = 0
configure:3561: cc -Ae -D_XOPEN_SOURCE=500 -V >&5
cc: error: unrecognized command-line option '-V'
cc: fatal error: no input files
compilation terminated.
configure:3572: $? = 1
configure:3561: cc -Ae -D_XOPEN_SOURCE=500 -qversion >&5
cc: error: unrecognized command-line option '-qversion'; did you mean '--version'?
cc: fatal error: no input files
compilation terminated.
configure:3572: $? = 1
configure:3592: checking whether the C compiler works
configure:3614: cc -Ae -D_XOPEN_SOURCE=500    conftest.c  >&5
<command-line>: error: missing '(' after predicate
configure:3618: $? = 1
configure:3656: result: no
configure: failed program was:
| /* confdefs.h */
| #define PACKAGE_NAME "httrack"
| #define PACKAGE_TARNAME "httrack"
| #define PACKAGE_VERSION "3.49.4"
| #define PACKAGE_STRING "httrack 3.49.4"
| #define PACKAGE_BUGREPORT "roche+packaging@httrack.com"
| #define PACKAGE_URL "http://www.httrack.com/"
| #define PACKAGE "httrack"
| #define VERSION "3.49.4"
| /* end confdefs.h.  */
| 
| int
| main ()
| {
| 
|   ;
|   return 0;
| }
configure:3661: error: in `/home/patrick/httrack':
configure:3663: error: C compiler cannot create executables
See `config.log' for more details

## ---------------- ##
## Cache variables. ##
## ---------------- ##

ac_cv_env_CC_set=set
ac_cv_env_CC_value='cc -Ae -D_XOPEN_SOURCE=500'
ac_cv_env_CFLAGS_set=
ac_cv_env_CFLAGS_value=
ac_cv_env_CPPFLAGS_set=
ac_cv_env_CPPFLAGS_value=
ac_cv_env_CPP_set=
ac_cv_env_CPP_value=
ac_cv_env_LDFLAGS_set=
ac_cv_env_LDFLAGS_value=
ac_cv_env_LIBS_set=
ac_cv_env_LIBS_value=
ac_cv_env_LT_SYS_LIBRARY_PATH_set=
ac_cv_env_LT_SYS_LIBRARY_PATH_value=
ac_cv_env_build_alias_set=
ac_cv_env_build_alias_value=
ac_cv_env_host_alias_set=
ac_cv_env_host_alias_value=
ac_cv_env_target_alias_set=
ac_cv_env_target_alias_value=
ac_cv_path_install='/usr/bin/install -c'
ac_cv_path_mkdir=/usr/bin/mkdir
ac_cv_prog_AWK=gawk
ac_cv_prog_ac_ct_CC='cc -Ae -D_XOPEN_SOURCE=500'
ac_cv_prog_make_make_set=yes
am_cv_make_support_nested_variables=yes

## ----------------- ##
## Output variables. ##
## ----------------- ##

ACLOCAL='aclocal-1.16'
AMDEPBACKSLASH='\'
AMDEP_FALSE='#'
AMDEP_TRUE=''
AMTAR='$${TAR-tar}'
AM_BACKSLASH='\'
AM_CFLAGS=''
AM_DEFAULT_V='$(AM_DEFAULT_VERBOSITY)'
AM_DEFAULT_VERBOSITY='1'
AM_V='$(V)'
AR=''
AUTOCONF='autoconf'
AUTOHEADER='autoheader'
AUTOMAKE='automake-1.16'
AWK='gawk'
CC='cc -Ae -D_XOPEN_SOURCE=500'
CCDEPMODE=''
CFLAGS=''
CFLAGS_PIE=''
CFLAG_VISIBILITY=''
CPP=''
CPPFLAGS=''
CYGPATH_W='echo'
DEFAULT_CFLAGS=''
DEFAULT_LDFLAGS=''
DEFS=''
DEPDIR='.deps'
DLLTOOL=''
DL_LIBS=''
DSYMUTIL=''
DUMPBIN=''
ECHO_C=''
ECHO_N='-n'
ECHO_T=''
EGREP=''
EXEEXT=''
FGREP=''
GREP=''
HAVE_VISIBILITY=''
HTTPS_SUPPORT=''
ICONV_LIBS=''
INSTALL_DATA='${INSTALL} -m 644'
INSTALL_PROGRAM='${INSTALL}'
INSTALL_SCRIPT='${INSTALL}'
INSTALL_STRIP_PROGRAM='$(install_sh) -c -s'
LD=''
LDFLAGS=''
LDFLAGS_PIE=''
LFS_FLAG=''
LIBOBJS=''
LIBS=''
LIBTOOL=''
LIPO=''
LN_S=''
LTLIBOBJS=''
LT_CV_OBJDIR=''
LT_SYS_LIBRARY_PATH=''
MAINT='#'
MAINTAINER_MODE_FALSE=''
MAINTAINER_MODE_TRUE='#'
MAKEINFO='makeinfo'
MANIFEST_TOOL=''
MKDIR_P='/usr/bin/mkdir -p'
NM=''
NMEDIT=''
OBJDUMP=''
OBJEXT=''
ONLINE_UNIT_TESTS=''
OPENSSL_LIBS=''
OTOOL64=''
OTOOL=''
PACKAGE='httrack'
PACKAGE_BUGREPORT='roche+packaging@httrack.com'
PACKAGE_NAME='httrack'
PACKAGE_STRING='httrack 3.49.4'
PACKAGE_TARNAME='httrack'
PACKAGE_URL='http://www.httrack.com/'
PACKAGE_VERSION='3.49.4'
PATH_SEPARATOR=':'
RANLIB=''
SED=''
SET_MAKE=''
SHELL='/bin/bash'
SHLIBPATH_VAR=''
SOCKET_LIBS=''
STRIP=''
THREADS_CFLAGS=''
THREADS_LIBS=''
V6_FLAG=''
VERSION='3.49.4'
VERSION_INFO='2:49:0'
ac_ct_AR=''
ac_ct_CC='cc -Ae -D_XOPEN_SOURCE=500'
ac_ct_DUMPBIN=''
am__EXEEXT_FALSE=''
am__EXEEXT_TRUE=''
am__fastdepCC_FALSE=''
am__fastdepCC_TRUE=''
am__include='include'
am__isrc=''
am__leading_dot='.'
am__nodep='_no'
am__quote=''
am__tar='$${TAR-tar} chof - "$$tardir"'
am__untar='$${TAR-tar} xf -'
bindir='${exec_prefix}/bin'
build=''
build_alias=''
build_cpu=''
build_os=''
build_vendor=''
datadir='${datarootdir}'
datarootdir='${prefix}/share'
docdir='${datarootdir}/doc/${PACKAGE_TARNAME}'
dvidir='${docdir}'
exec_prefix='NONE'
host=''
host_alias=''
host_cpu=''
host_os=''
host_vendor=''
htmldir='${docdir}'
includedir='${prefix}/include'
infodir='${datarootdir}/info'
install_sh='${SHELL} /home/patrick/httrack/install-sh'
libdir='${exec_prefix}/lib'
libexecdir='${exec_prefix}/libexec'
localedir='${datarootdir}/locale'
localstatedir='${prefix}/var'
mandir='${datarootdir}/man'
mkdir_p='$(MKDIR_P)'
oldincludedir='/usr/include'
pdfdir='${docdir}'
prefix='NONE'
program_transform_name='s,x,x,'
psdir='${docdir}'
runstatedir='${localstatedir}/run'
sbindir='${exec_prefix}/sbin'
sharedstatedir='${prefix}/com'
sysconfdir='${prefix}/etc'
target_alias=''

## ----------- ##
## confdefs.h. ##
## ----------- ##

/* confdefs.h */
#define PACKAGE_NAME "httrack"
#define PACKAGE_TARNAME "httrack"
#define PACKAGE_VERSION "3.49.4"
#define PACKAGE_STRING "httrack 3.49.4"
#define PACKAGE_BUGREPORT "roche+packaging@httrack.com"
#define PACKAGE_URL "http://www.httrack.com/"
#define PACKAGE "httrack"
#define VERSION "3.49.4"

configure: exit 77
